Building DAG of jobs...
Using shell: /bin/bash
Provided cores: 4
Rules claiming more threads will be scaled down.
Conda environments: ignored
Job counts:
	count	jobs
	1	ALL
	1	fetch_raw_files
	2

[Wed Jul 27 08:48:55 2022]
rule fetch_raw_files:
    input: rawurls.txt
    output: input/Raw/2018_March_5_UWPRQE_HatchMicro_03.raw
    log: logs/fetch_raw_files.log
    jobid: 1

[Wed Jul 27 08:54:57 2022]
Finished job 1.
1 of 2 steps (50%) done

[Wed Jul 27 08:54:57 2022]
localrule ALL:
    input: input/Raw/2018_March_5_UWPRQE_HatchMicro_03.raw
    jobid: 0

[Wed Jul 27 08:54:57 2022]
Finished job 0.
2 of 2 steps (100%) done
Complete log: /Users/shengbo_wang/Documents/MetaPUF/MetaPUF/.snakemake/log/2022-07-27T084854.664385.snakemake.log
