Building DAG of jobs...
Using shell: /bin/bash
Provided cores: 4
Rules claiming more threads will be scaled down.
Conda environments: ignored
Job counts:
	count	jobs
	1	ALL
	1	fetch_raw_files
	2

[Tue Jul 26 16:27:42 2022]
rule fetch_raw_files:
    input: rawurls.txt
    output: input/Raw/2018_March_5_UWPRQE_HatchMicro_03.raw
    jobid: 1

[Tue Jul 26 16:27:42 2022]
Error in rule fetch_raw_files:
    jobid: 1
    output: input/Raw/2018_March_5_UWPRQE_HatchMicro_03.raw
    shell:
        wget -P input/Raw -i rawurls.txt
        (one of the commands exited with non-zero exit code; note that snakemake uses bash strict mode!)

Shutting down, this might take some time.
Exiting because a job execution failed. Look above for error message
Complete log: /Users/shengbo_wang/Documents/MetaPUF/MetaPUF/.snakemake/log/2022-07-26T162742.373819.snakemake.log
