Building DAG of jobs...
Using shell: /bin/bash
Provided cores: 4
Rules claiming more threads will be scaled down.
Conda environments: ignored
Job counts:
	count	jobs
	1	ALL
	1	post_processing
	2

[Wed Jul 27 12:43:24 2022]
Job 1: Post-processing: /Users/shengbo_wang/Documents/MetaPUF/MetaPUF/config/sample_info.csv -> results/reports/processed/processed_S03_peptide_report.txt

Waiting at most 5 seconds for missing files.
MissingOutputException in line 333 of /Users/shengbo_wang/Documents/MetaPUF/MetaPUF/Snakefile:
Job completed successfully, but some output files are missing. Missing files after 5 seconds:
results/reports/processed/processed_S03_peptide_report.txt
This might be due to filesystem latency. If that is the case, consider to increase the wait time with --latency-wait.
  File "/Users/shengbo_wang/opt/miniconda3/envs/snakemake/lib/python3.8/site-packages/snakemake/executors/__init__.py", line 544, in handle_job_success
  File "/Users/shengbo_wang/opt/miniconda3/envs/snakemake/lib/python3.8/site-packages/snakemake/executors/__init__.py", line 225, in handle_job_success
Shutting down, this might take some time.
Exiting because a job execution failed. Look above for error message
Complete log: /Users/shengbo_wang/Documents/MetaPUF/MetaPUF/.snakemake/log/2022-07-27T124324.601874.snakemake.log
