Building DAG of jobs...
Using shell: /bin/bash
Provided cores: 4
Rules claiming more threads will be scaled down.
Conda environments: ignored
Job counts:
	count	jobs
	1	ALL
	1	thermorawfileparser
	2

[Wed Jul 27 09:20:11 2022]
Job 2: ThermoRawFileParser: /Users/shengbo_wang/Documents/MetaPUF/MetaPUF/workflow/bin/ThermoRawFileParser/ThermoRawFileParser.exe input/Raw/2018_March_5_UWPRQE_HatchMicro_03.raw -> input/Raw/2018_March_5_UWPRQE_HatchMicro_03.mzML

[Wed Jul 27 09:21:39 2022]
Finished job 2.
1 of 2 steps (50%) done

[Wed Jul 27 09:21:39 2022]
localrule ALL:
    input: input/Raw/2018_March_5_UWPRQE_HatchMicro_03.raw, input/Raw/2018_March_5_UWPRQE_HatchMicro_03.mzML
    jobid: 0

[Wed Jul 27 09:21:39 2022]
Finished job 0.
2 of 2 steps (100%) done
Complete log: /Users/shengbo_wang/Documents/MetaPUF/MetaPUF/.snakemake/log/2022-07-27T092011.352294.snakemake.log
